<?xml version="1.0" encoding="UTF-8"?>
<!-- Generated by org.testng.reporters.JUnitReportReporter -->
<testsuite hostname="LTIN205781" failures="0" tests="25" name="com.interestAmount.testRunner.testNGRunner" time="132.415" errors="0" timestamp="2024-02-28T17:16:16 IST" skipped="0">
  <testcase classname="com.interestAmount.testRunner.testNGRunner" name="runScenario" time="2.589"/>
  <testcase classname="com.interestAmount.testRunner.testNGRunner" name="runScenario" time="6.522"/>
  <testcase classname="com.interestAmount.testRunner.testNGRunner" name="runScenario" time="5.455"/>
  <testcase classname="com.interestAmount.testRunner.testNGRunner" name="runScenario" time="5.705"/>
  <testcase classname="com.interestAmount.testRunner.testNGRunner" name="runScenario" time="9.846"/>
  <testcase classname="com.interestAmount.testRunner.testNGRunner" name="runScenario" time="7.499"/>
  <testcase classname="com.interestAmount.testRunner.testNGRunner" name="runScenario" time="3.612"/>
  <testcase classname="com.interestAmount.testRunner.testNGRunner" name="runScenario" time="9.970"/>
  <testcase classname="com.interestAmount.testRunner.testNGRunner" name="runScenario" time="1.944"/>
  <testcase classname="com.interestAmount.testRunner.testNGRunner" name="runScenario" time="5.493"/>
  <testcase classname="com.interestAmount.testRunner.testNGRunner" name="runScenario" time="1.262"/>
  <testcase classname="com.interestAmount.testRunner.testNGRunner" name="runScenario" time="2.103"/>
  <testcase classname="com.interestAmount.testRunner.testNGRunner" name="runScenario" time="5.465"/>
  <testcase classname="com.interestAmount.testRunner.testNGRunner" name="runScenario" time="7.198"/>
  <testcase classname="com.interestAmount.testRunner.testNGRunner" name="runScenario" time="1.783"/>
  <testcase classname="com.interestAmount.testRunner.testNGRunner" name="runScenario" time="5.151"/>
  <testcase classname="com.interestAmount.testRunner.testNGRunner" name="runScenario" time="3.771"/>
  <testcase classname="com.interestAmount.testRunner.testNGRunner" name="runScenario" time="5.998"/>
  <testcase classname="com.interestAmount.testRunner.testNGRunner" name="runScenario" time="0.539"/>
  <testcase classname="com.interestAmount.testRunner.testNGRunner" name="runScenario" time="4.065"/>
  <testcase classname="com.interestAmount.testRunner.testNGRunner" name="runScenario" time="0.718"/>
  <testcase classname="com.interestAmount.testRunner.testNGRunner" name="runScenario" time="21.296"/>
  <testcase classname="com.interestAmount.testRunner.testNGRunner" name="runScenario" time="4.491"/>
  <testcase classname="com.interestAmount.testRunner.testNGRunner" name="runScenario" time="7.243"/>
  <testcase classname="com.interestAmount.testRunner.testNGRunner" name="runScenario" time="2.697"/>
</testsuite> <!-- com.interestAmount.testRunner.testNGRunner -->
