<?xml version="1.0" encoding="UTF-8"?>
<!-- Generated by org.testng.reporters.JUnitReportReporter -->
<testsuite hostname="LTIN205781" failures="0" tests="6" name="com.GSD.testRunner.testNGRunner" time="147.395" errors="0" timestamp="2024-02-14T11:43:27 IST" skipped="0">
  <testcase classname="com.GSD.testRunner.testNGRunner" name="runScenario" time="17.260"/>
  <testcase classname="com.GSD.testRunner.testNGRunner" name="runScenario" time="9.318"/>
  <testcase classname="com.GSD.testRunner.testNGRunner" name="runScenario" time="27.390"/>
  <testcase classname="com.GSD.testRunner.testNGRunner" name="runScenario" time="12.048"/>
  <testcase classname="com.GSD.testRunner.testNGRunner" name="runScenario" time="75.561"/>
  <testcase classname="com.GSD.testRunner.testNGRunner" name="runScenario" time="5.818"/>
</testsuite> <!-- com.GSD.testRunner.testNGRunner -->
