<?xml version="1.0" encoding="UTF-8"?>
<!-- Generated by org.testng.reporters.JUnitReportReporter -->
<testsuite hostname="LTIN205781" failures="0" tests="25" name="com.interestAmount.testRunner.testNGRunner" time="176.353" errors="0" timestamp="2024-02-28T15:39:44 IST" skipped="0">
  <testcase classname="com.interestAmount.testRunner.testNGRunner" name="runScenario" time="0.678"/>
  <testcase classname="com.interestAmount.testRunner.testNGRunner" name="runScenario" time="8.161"/>
  <testcase classname="com.interestAmount.testRunner.testNGRunner" name="runScenario" time="7.844"/>
  <testcase classname="com.interestAmount.testRunner.testNGRunner" name="runScenario" time="7.491"/>
  <testcase classname="com.interestAmount.testRunner.testNGRunner" name="runScenario" time="7.299"/>
  <testcase classname="com.interestAmount.testRunner.testNGRunner" name="runScenario" time="9.180"/>
  <testcase classname="com.interestAmount.testRunner.testNGRunner" name="runScenario" time="1.464"/>
  <testcase classname="com.interestAmount.testRunner.testNGRunner" name="runScenario" time="13.583"/>
  <testcase classname="com.interestAmount.testRunner.testNGRunner" name="runScenario" time="2.517"/>
  <testcase classname="com.interestAmount.testRunner.testNGRunner" name="runScenario" time="3.265"/>
  <testcase classname="com.interestAmount.testRunner.testNGRunner" name="runScenario" time="3.350"/>
  <testcase classname="com.interestAmount.testRunner.testNGRunner" name="runScenario" time="0.944"/>
  <testcase classname="com.interestAmount.testRunner.testNGRunner" name="runScenario" time="2.789"/>
  <testcase classname="com.interestAmount.testRunner.testNGRunner" name="runScenario" time="29.942"/>
  <testcase classname="com.interestAmount.testRunner.testNGRunner" name="runScenario" time="8.839"/>
  <testcase classname="com.interestAmount.testRunner.testNGRunner" name="runScenario" time="6.062"/>
  <testcase classname="com.interestAmount.testRunner.testNGRunner" name="runScenario" time="11.231"/>
  <testcase classname="com.interestAmount.testRunner.testNGRunner" name="runScenario" time="7.261"/>
  <testcase classname="com.interestAmount.testRunner.testNGRunner" name="runScenario" time="9.900"/>
  <testcase classname="com.interestAmount.testRunner.testNGRunner" name="runScenario" time="5.143"/>
  <testcase classname="com.interestAmount.testRunner.testNGRunner" name="runScenario" time="4.976"/>
  <testcase classname="com.interestAmount.testRunner.testNGRunner" name="runScenario" time="9.883"/>
  <testcase classname="com.interestAmount.testRunner.testNGRunner" name="runScenario" time="5.580"/>
  <testcase classname="com.interestAmount.testRunner.testNGRunner" name="runScenario" time="6.289"/>
  <testcase classname="com.interestAmount.testRunner.testNGRunner" name="runScenario" time="2.682"/>
</testsuite> <!-- com.interestAmount.testRunner.testNGRunner -->
