<?xml version="1.0" encoding="UTF-8"?>
<!-- Generated by org.testng.reporters.JUnitReportReporter -->
<testsuite hostname="LTIN205781" failures="0" tests="14" name="com.interestAmount.testRunner.testNGRunner" time="249.422" errors="0" timestamp="2024-02-27T12:56:53 IST" skipped="0">
  <testcase classname="com.interestAmount.testRunner.testNGRunner" name="runScenario" time="9.672"/>
  <testcase classname="com.interestAmount.testRunner.testNGRunner" name="runScenario" time="5.135"/>
  <testcase classname="com.interestAmount.testRunner.testNGRunner" name="runScenario" time="5.184"/>
  <testcase classname="com.interestAmount.testRunner.testNGRunner" name="runScenario" time="5.858"/>
  <testcase classname="com.interestAmount.testRunner.testNGRunner" name="runScenario" time="34.709"/>
  <testcase classname="com.interestAmount.testRunner.testNGRunner" name="runScenario" time="5.397"/>
  <testcase classname="com.interestAmount.testRunner.testNGRunner" name="runScenario" time="60.729"/>
  <testcase classname="com.interestAmount.testRunner.testNGRunner" name="runScenario" time="5.539"/>
  <testcase classname="com.interestAmount.testRunner.testNGRunner" name="runScenario" time="9.754"/>
  <testcase classname="com.interestAmount.testRunner.testNGRunner" name="runScenario" time="21.459"/>
  <testcase classname="com.interestAmount.testRunner.testNGRunner" name="runScenario" time="38.232"/>
  <testcase classname="com.interestAmount.testRunner.testNGRunner" name="runScenario" time="37.313"/>
  <testcase classname="com.interestAmount.testRunner.testNGRunner" name="runScenario" time="5.137"/>
  <testcase classname="com.interestAmount.testRunner.testNGRunner" name="runScenario" time="5.304"/>
</testsuite> <!-- com.interestAmount.testRunner.testNGRunner -->
