<?xml version="1.0" encoding="UTF-8"?>
<!-- Generated by org.testng.reporters.JUnitReportReporter -->
<testsuite hostname="LTIN205781" failures="0" tests="14" name="com.interestAmount.testRunner.testNGRunner" time="501.488" errors="0" timestamp="2024-02-27T17:34:32 IST" skipped="0">
  <testcase classname="com.interestAmount.testRunner.testNGRunner" name="runScenario" time="84.726"/>
  <testcase classname="com.interestAmount.testRunner.testNGRunner" name="runScenario" time="5.560"/>
  <testcase classname="com.interestAmount.testRunner.testNGRunner" name="runScenario" time="8.759"/>
  <testcase classname="com.interestAmount.testRunner.testNGRunner" name="runScenario" time="5.755"/>
  <testcase classname="com.interestAmount.testRunner.testNGRunner" name="runScenario" time="6.545"/>
  <testcase classname="com.interestAmount.testRunner.testNGRunner" name="runScenario" time="5.468"/>
  <testcase classname="com.interestAmount.testRunner.testNGRunner" name="runScenario" time="9.005"/>
  <testcase classname="com.interestAmount.testRunner.testNGRunner" name="runScenario" time="134.031"/>
  <testcase classname="com.interestAmount.testRunner.testNGRunner" name="runScenario" time="85.661"/>
  <testcase classname="com.interestAmount.testRunner.testNGRunner" name="runScenario" time="5.556"/>
  <testcase classname="com.interestAmount.testRunner.testNGRunner" name="runScenario" time="5.257"/>
  <testcase classname="com.interestAmount.testRunner.testNGRunner" name="runScenario" time="134.265"/>
  <testcase classname="com.interestAmount.testRunner.testNGRunner" name="runScenario" time="6.147"/>
  <testcase classname="com.interestAmount.testRunner.testNGRunner" name="runScenario" time="4.753"/>
</testsuite> <!-- com.interestAmount.testRunner.testNGRunner -->
